<?xml version="1.0" encoding="UTF-8"?>
<testng-results skipped="0" failed="0" ignored="0" total="2" passed="2">
  <reporter-output>
  </reporter-output>
  <suite name="Default suite" duration-ms="78" started-at="2022-04-30T19:36:15 IST" finished-at="2022-04-30T19:36:15 IST">
    <groups>
    </groups>
    <test name="Default test" duration-ms="78" started-at="2022-04-30T19:36:15 IST" finished-at="2022-04-30T19:36:15 IST">
      <class name="day1.basics.TestNG2">
        <test-method status="PASS" signature="TestCase1()[pri:0, instance:day1.basics.TestNG2@6c49835d]" name="TestCase1" duration-ms="11" started-at="2022-04-30T19:36:15 IST" finished-at="2022-04-30T19:36:15 IST">
          <reporter-output>
          </reporter-output>
        </test-method> <!-- TestCase1 -->
        <test-method status="PASS" signature="TestCase2()[pri:0, instance:day1.basics.TestNG2@6c49835d]" name="TestCase2" duration-ms="3" started-at="2022-04-30T19:36:15 IST" finished-at="2022-04-30T19:36:15 IST">
          <reporter-output>
          </reporter-output>
        </test-method> <!-- TestCase2 -->
      </class> <!-- day1.basics.TestNG2 -->
    </test> <!-- Default test -->
  </suite> <!-- Default suite -->
</testng-results>
